  main.cpp
C:\Users\griho\OneDrive\Рабочий стол\Численные методы\ODE\Программа\ODE\main.cpp(460,11): warning C4244: инициализация: преобразование "_Ty2" в "size_t", возможна потеря данных
          with
          [
              _Ty2=double
          ]
C:\Users\griho\OneDrive\Рабочий стол\Численные методы\ODE\Программа\ODE\main.cpp(498,11): warning C4244: инициализация: преобразование "_Ty2" в "size_t", возможна потеря данных
          with
          [
              _Ty2=double
          ]
C:\Users\griho\OneDrive\Рабочий стол\Численные методы\ODE\Программа\ODE\main.cpp(895,36): warning C4244: аргумент: преобразование "double" в "const unsigned __int64", возможна потеря данных
C:\Users\griho\OneDrive\Рабочий стол\Численные методы\ODE\Программа\ODE\main.cpp(895,80): warning C4244: аргумент: преобразование "double" в "const unsigned __int64", возможна потеря данных
C:\Users\griho\OneDrive\Рабочий стол\Численные методы\ODE\Программа\ODE\main.cpp(1029,26): warning C4244: аргумент: преобразование "double" в "const unsigned __int64", возможна потеря данных
C:\Users\griho\OneDrive\Рабочий стол\Численные методы\ODE\Программа\ODE\main.cpp(353,11): warning C4244: инициализация: преобразование "_Ty2" в "size_t", возможна потеря данных
          with
          [
              _Ty2=double
          ]
C:\Users\griho\OneDrive\Рабочий стол\Численные методы\ODE\Программа\ODE\main.cpp(819): message : выполняется компиляция ссылки на экземпляр шаблон функции "std::pair<std::vector<double,std::allocator<double>>,std::vector<double,std::allocator<double>>> Euler_explicit<double>(std::function<double (double,double)>,std::pair<double,double>,T,double)"
          with
          [
              T=double
          ]
C:\Users\griho\OneDrive\Рабочий стол\Численные методы\ODE\Программа\ODE\main.cpp(276,11): warning C4244: инициализация: преобразование "_Ty2" в "size_t", возможна потеря данных
          with
          [
              _Ty2=double
          ]
C:\Users\griho\OneDrive\Рабочий стол\Численные методы\ODE\Программа\ODE\main.cpp(828): message : выполняется компиляция ссылки на экземпляр шаблон функции "std::pair<std::vector<double,std::allocator<double>>,std::vector<double,std::allocator<double>>> RK2<double>(std::function<double (double,double)>,std::pair<double,double>,T,double)"
          with
          [
              T=double
          ]
C:\Users\griho\OneDrive\Рабочий стол\Численные методы\ODE\Программа\ODE\main.cpp(313,11): warning C4244: инициализация: преобразование "_Ty2" в "size_t", возможна потеря данных
          with
          [
              _Ty2=double
          ]
C:\Users\griho\OneDrive\Рабочий стол\Численные методы\ODE\Программа\ODE\main.cpp(831): message : выполняется компиляция ссылки на экземпляр шаблон функции "std::pair<std::vector<double,std::allocator<double>>,std::vector<double,std::allocator<double>>> RK4<double>(std::function<double (double,double)>,std::pair<double,double>,T,double)"
          with
          [
              T=double
          ]
C:\Users\griho\OneDrive\Рабочий стол\Численные методы\ODE\Программа\ODE\main.cpp(645,11): warning C4244: инициализация: преобразование "_Ty2" в "size_t", возможна потеря данных
          with
          [
              _Ty2=double
          ]
C:\Users\griho\OneDrive\Рабочий стол\Численные методы\ODE\Программа\ODE\main.cpp(834): message : выполняется компиляция ссылки на экземпляр шаблон функции "std::pair<std::vector<double,std::allocator<double>>,std::vector<double,std::allocator<double>>> Adams<double>(std::function<double (double,double)>,std::pair<double,double>,T,double)"
          with
          [
              T=double
          ]
C:\Users\griho\OneDrive\Рабочий стол\Численные методы\ODE\Программа\ODE\main.cpp(712,11): warning C4244: инициализация: преобразование "_Ty2" в "size_t", возможна потеря данных
          with
          [
              _Ty2=double
          ]
C:\Users\griho\OneDrive\Рабочий стол\Численные методы\ODE\Программа\ODE\main.cpp(837): message : выполняется компиляция ссылки на экземпляр шаблон функции "std::pair<std::vector<double,std::allocator<double>>,std::vector<double,std::allocator<double>>> PEC<double>(std::function<double (double,double)>,std::pair<double,double>,T,double)"
          with
          [
              T=double
          ]
  ODE.vcxproj -> C:\Users\griho\OneDrive\Рабочий стол\Численные методы\ODE\Программа\ODE\x64\Debug\ODE.exe
